

============================== 2022-07-23 02:44:43.100471 | 6b070e3f-1003-4574-8c20-cb9cab720dc9 ==============================
02:44:43.100479 [info ] [MainThread]: Running with dbt=1.1.1
02:44:43.100803 [debug] [MainThread]: running dbt with arguments {'write_json': True, 'use_colors': True, 'printer_width': 80, 'version_check': True, 'partial_parse': True, 'static_parser': True, 'profiles_dir': '/home/octbirt/.dbt', 'send_anonymous_usage_stats': True, 'event_buffer_size': 100000, 'quiet': False, 'no_print': False, 'project_name': 'intro', 'skip_profile_setup': False, 'which': 'init', 'indirect_selection': 'eager'}
02:44:43.100942 [debug] [MainThread]: Tracking: tracking
02:44:43.104322 [debug] [MainThread]: Sending event: {'category': 'dbt', 'action': 'invocation', 'label': 'start', 'context': [<snowplow_tracker.self_describing_json.SelfDescribingJson object at 0x7f10285272b0>, <snowplow_tracker.self_describing_json.SelfDescribingJson object at 0x7f10285b9d90>, <snowplow_tracker.self_describing_json.SelfDescribingJson object at 0x7f10285b9cd0>]}
02:44:43.104939 [info ] [MainThread]: Creating dbt configuration folder at /home/octbirt/.dbt
02:44:43.105750 [debug] [MainThread]: Starter project path: /home/octbirt/Documents/mystudy/dbt/.venv/lib/python3.9/site-packages/dbt/include/starter_project
02:45:04.940289 [info ] [MainThread]: Profile intro written to /home/octbirt/.dbt/profiles.yml using target's sample configuration. Once updated, you'll be able to start developing with dbt.
02:45:04.940732 [info ] [MainThread]: 
Your new dbt project "intro" was created!

For more information on how to configure the profiles.yml file,
please consult the dbt documentation here:

  https://docs.getdbt.com/docs/configure-your-profile

One more thing:

Need help? Don't hesitate to reach out to us via GitHub issues or on Slack:

  https://community.getdbt.com/

Happy modeling!

02:45:04.941100 [debug] [MainThread]: Sending event: {'category': 'dbt', 'action': 'invocation', 'label': 'end', 'context': [<snowplow_tracker.self_describing_json.SelfDescribingJson object at 0x7f1026cf9100>, <snowplow_tracker.self_describing_json.SelfDescribingJson object at 0x7f1026d14100>, <snowplow_tracker.self_describing_json.SelfDescribingJson object at 0x7f1026d147f0>]}


============================== 2022-07-23 03:12:03.824124 | 4a9e30ba-b67e-4161-9631-4bb742284d13 ==============================
03:12:03.824132 [info ] [MainThread]: Running with dbt=1.1.1
03:12:03.824489 [debug] [MainThread]: running dbt with arguments {'write_json': True, 'use_colors': True, 'printer_width': 80, 'version_check': True, 'partial_parse': True, 'static_parser': True, 'profiles_dir': '/home/octbirt/.dbt', 'send_anonymous_usage_stats': True, 'event_buffer_size': 100000, 'quiet': False, 'no_print': False, 'project_name': 'jaffle_shop', 'skip_profile_setup': False, 'which': 'init', 'indirect_selection': 'eager'}
03:12:03.824641 [debug] [MainThread]: Tracking: tracking
03:12:03.828284 [debug] [MainThread]: Sending event: {'category': 'dbt', 'action': 'invocation', 'label': 'start', 'context': [<snowplow_tracker.self_describing_json.SelfDescribingJson object at 0x7f14ac107a00>, <snowplow_tracker.self_describing_json.SelfDescribingJson object at 0x7f14ac107dc0>, <snowplow_tracker.self_describing_json.SelfDescribingJson object at 0x7f14ac1073a0>]}
03:12:03.829286 [debug] [MainThread]: Starter project path: /home/octbirt/Documents/mystudy/dbt/.venv/lib/python3.9/site-packages/dbt/include/starter_project
03:12:11.418003 [info ] [MainThread]: 
Your new dbt project "jaffle_shop" was created!

For more information on how to configure the profiles.yml file,
please consult the dbt documentation here:

  https://docs.getdbt.com/docs/configure-your-profile

One more thing:

Need help? Don't hesitate to reach out to us via GitHub issues or on Slack:

  https://community.getdbt.com/

Happy modeling!

03:12:11.418704 [debug] [MainThread]: Sending event: {'category': 'dbt', 'action': 'invocation', 'label': 'end', 'context': [<snowplow_tracker.self_describing_json.SelfDescribingJson object at 0x7f14ac107a00>, <snowplow_tracker.self_describing_json.SelfDescribingJson object at 0x7f14ac1079a0>, <snowplow_tracker.self_describing_json.SelfDescribingJson object at 0x7f14ac107fd0>]}
