[0m13:11:22.027009 [debug] [MainThread]: Sending event: {'category': 'dbt', 'action': 'invocation', 'label': 'start', 'context': [<snowplow_tracker.self_describing_json.SelfDescribingJson object at 0x7205a435d310>, <snowplow_tracker.self_describing_json.SelfDescribingJson object at 0x7205a2b3a0d0>, <snowplow_tracker.self_describing_json.SelfDescribingJson object at 0x7205a2b3a910>]}


============================== 13:11:22.032242 | 2aa255a1-e592-4d3b-9f7c-34500c7ec0a1 ==============================
[0m13:11:22.032242 [info ] [MainThread]: Running with dbt=1.7.13
[0m13:11:22.032688 [debug] [MainThread]: running dbt with arguments {'printer_width': '80', 'indirect_selection': 'eager', 'write_json': 'True', 'log_cache_events': 'False', 'partial_parse': 'True', 'cache_selected_only': 'False', 'profiles_dir': '/root/.dbt', 'fail_fast': 'False', 'version_check': 'True', 'log_path': 'logs', 'debug': 'False', 'warn_error': 'None', 'use_colors': 'True', 'use_experimental_parser': 'False', 'no_print': 'None', 'quiet': 'False', 'log_format': 'default', 'invocation_command': 'dbt init', 'warn_error_options': 'WarnErrorOptions(include=[], exclude=[])', 'static_parser': 'True', 'target_path': 'None', 'introspect': 'True', 'send_anonymous_usage_stats': 'True'}
[0m13:11:22.033067 [warn ] [MainThread]: [ConfigFolderDirectory]: Unable to parse dict {'dir': PosixPath('/root/.dbt')}
[0m13:11:22.033375 [info ] [MainThread]: Creating dbt configuration folder at 
[0m13:11:45.236801 [debug] [MainThread]: Starter project path: /usr/local/lib/python3.11/site-packages/dbt/include/starter_project
[0m13:11:45.242400 [info ] [MainThread]: 
Your new dbt project "sweepsump" was created!

For more information on how to configure the profiles.yml file,
please consult the dbt documentation here:

  https://docs.getdbt.com/docs/configure-your-profile

One more thing:

Need help? Don't hesitate to reach out to us via GitHub issues or on Slack:

  https://community.getdbt.com/

Happy modeling!

[0m13:11:45.242975 [info ] [MainThread]: Setting up your profile.
[0m13:12:18.096170 [info ] [MainThread]: Profile sweepsump written to /root/.dbt/profiles.yml using target's profile_template.yml and your supplied values. Run 'dbt debug' to validate the connection.
[0m13:12:18.097338 [debug] [MainThread]: Resource report: {"command_name": "init", "command_success": true, "command_wall_clock_time": 56.071884, "process_user_time": 1.882613, "process_kernel_time": 0.472192, "process_mem_max_rss": "194940", "process_in_blocks": "592", "process_out_blocks": "1680"}
[0m13:12:18.098129 [debug] [MainThread]: Command `dbt init` succeeded at 13:12:18.097944 after 56.07 seconds
[0m13:12:18.098685 [debug] [MainThread]: Sending event: {'category': 'dbt', 'action': 'invocation', 'label': 'end', 'context': [<snowplow_tracker.self_describing_json.SelfDescribingJson object at 0x7205a2b3fed0>, <snowplow_tracker.self_describing_json.SelfDescribingJson object at 0x7205a2b3f790>, <snowplow_tracker.self_describing_json.SelfDescribingJson object at 0x720585163790>]}
[0m13:12:18.099231 [debug] [MainThread]: Flushing usage events
